{"D:\\Projetos\\TesteMobile\\testecasos\\App.js": {"path":"D:\\Projetos\\TesteMobile\\testecasos\\App.js","statementMap":{"0":{"start":{"line":5,"column":2},"end":{"line":10,"column":4}},"1":{"start":{"line":13,"column":15},"end":{"line":20,"column":2}}},"fnMap":{"0":{"name":"App","decl":{"start":{"line":4,"column":24},"end":{"line":4,"column":27}},"loc":{"start":{"line":4,"column":30},"end":{"line":11,"column":1}},"line":4}},"branchMap":{},"s":{"0":1,"1":1},"f":{"0":1},"b":{},"_coverageSchema":"1a1c01bbd47fc00a2c39e90264f33305004495a9","hash":"3f0b24051cbcf2bfbc99b001453d3f9dfcc18cfe"}
,"D:\\Projetos\\TesteMobile\\testecasos\\components\\Button\\Button.js": {"path":"D:\\Projetos\\TesteMobile\\testecasos\\components\\Button\\Button.js","statementMap":{"0":{"start":{"line":7,"column":4},"end":{"line":7,"column":31}},"1":{"start":{"line":8,"column":4},"end":{"line":8,"column":13}},"2":{"start":{"line":11,"column":2},"end":{"line":17,"column":4}}},"fnMap":{"0":{"name":"Button","decl":{"start":{"line":4,"column":24},"end":{"line":4,"column":30}},"loc":{"start":{"line":4,"column":42},"end":{"line":18,"column":1}},"line":4},"1":{"name":"handleButton","decl":{"start":{"line":6,"column":11},"end":{"line":6,"column":23}},"loc":{"start":{"line":6,"column":26},"end":{"line":9,"column":3}},"line":6}},"branchMap":{},"s":{"0":1,"1":1,"2":1},"f":{"0":1,"1":1},"b":{},"_coverageSchema":"1a1c01bbd47fc00a2c39e90264f33305004495a9","hash":"af4f39b28ebef51ad370a6099a1b7e9152e6c7e3"}
,"D:\\Projetos\\TesteMobile\\testecasos\\components\\Complement\\Complement.js": {"path":"D:\\Projetos\\TesteMobile\\testecasos\\components\\Complement\\Complement.js","statementMap":{"0":{"start":{"line":5,"column":2},"end":{"line":18,"column":3}},"1":{"start":{"line":14,"column":32},"end":{"line":14,"column":75}},"2":{"start":{"line":21,"column":15},"end":{"line":31,"column":2}}},"fnMap":{"0":{"name":"Complement","decl":{"start":{"line":4,"column":24},"end":{"line":4,"column":34}},"loc":{"start":{"line":4,"column":37},"end":{"line":19,"column":1}},"line":4},"1":{"name":"(anonymous_1)","decl":{"start":{"line":14,"column":20},"end":{"line":14,"column":21}},"loc":{"start":{"line":14,"column":32},"end":{"line":14,"column":75}},"line":14}},"branchMap":{},"s":{"0":1,"1":3,"2":1},"f":{"0":1,"1":3},"b":{},"_coverageSchema":"1a1c01bbd47fc00a2c39e90264f33305004495a9","hash":"758b4e09e3e2ee4dfd978e087922971ca67a831a"}
,"D:\\Projetos\\TesteMobile\\testecasos\\components\\Header\\Header.js": {"path":"D:\\Projetos\\TesteMobile\\testecasos\\components\\Header\\Header.js","statementMap":{"0":{"start":{"line":7,"column":4},"end":{"line":7,"column":30}},"1":{"start":{"line":10,"column":2},"end":{"line":20,"column":4}}},"fnMap":{"0":{"name":"Header","decl":{"start":{"line":4,"column":24},"end":{"line":4,"column":30}},"loc":{"start":{"line":4,"column":33},"end":{"line":21,"column":1}},"line":4},"1":{"name":"cliqueiAqui","decl":{"start":{"line":6,"column":11},"end":{"line":6,"column":22}},"loc":{"start":{"line":6,"column":25},"end":{"line":8,"column":3}},"line":6}},"branchMap":{},"s":{"0":1,"1":1},"f":{"0":1,"1":1},"b":{},"_coverageSchema":"1a1c01bbd47fc00a2c39e90264f33305004495a9","hash":"4cb8971b1220b6d365064db3ca0bb052a8d725d4"}
,"D:\\Projetos\\TesteMobile\\testecasos\\components\\Imagee\\Imagee.js": {"path":"D:\\Projetos\\TesteMobile\\testecasos\\components\\Imagee\\Imagee.js","statementMap":{"0":{"start":{"line":5,"column":2},"end":{"line":14,"column":4}}},"fnMap":{"0":{"name":"Imagee","decl":{"start":{"line":4,"column":24},"end":{"line":4,"column":30}},"loc":{"start":{"line":4,"column":33},"end":{"line":15,"column":1}},"line":4}},"branchMap":{},"s":{"0":1},"f":{"0":1},"b":{},"_coverageSchema":"1a1c01bbd47fc00a2c39e90264f33305004495a9","hash":"766da241068dbe4eea4aa81b832d93e006f0d7d8"}
,"D:\\Projetos\\TesteMobile\\testecasos\\components\\Location\\Location.js": {"path":"D:\\Projetos\\TesteMobile\\testecasos\\components\\Location\\Location.js","statementMap":{"0":{"start":{"line":5,"column":2},"end":{"line":9,"column":3}}},"fnMap":{"0":{"name":"Location","decl":{"start":{"line":4,"column":24},"end":{"line":4,"column":32}},"loc":{"start":{"line":4,"column":35},"end":{"line":10,"column":1}},"line":4}},"branchMap":{},"s":{"0":1},"f":{"0":1},"b":{},"_coverageSchema":"1a1c01bbd47fc00a2c39e90264f33305004495a9","hash":"0bb9006669fd6135fc2dd2e6b52b74ab014aa72b"}
,"D:\\Projetos\\TesteMobile\\testecasos\\components\\Nav\\Nav.js": {"path":"D:\\Projetos\\TesteMobile\\testecasos\\components\\Nav\\Nav.js","statementMap":{"0":{"start":{"line":5,"column":2},"end":{"line":9,"column":3}}},"fnMap":{"0":{"name":"Nav","decl":{"start":{"line":4,"column":24},"end":{"line":4,"column":27}},"loc":{"start":{"line":4,"column":30},"end":{"line":10,"column":1}},"line":4}},"branchMap":{},"s":{"0":1},"f":{"0":1},"b":{},"_coverageSchema":"1a1c01bbd47fc00a2c39e90264f33305004495a9","hash":"93c2be28346e1de20d7deb128be67de49be2efc9"}
,"D:\\Projetos\\TesteMobile\\testecasos\\components\\Text\\Textt.js": {"path":"D:\\Projetos\\TesteMobile\\testecasos\\components\\Text\\Textt.js","statementMap":{"0":{"start":{"line":5,"column":2},"end":{"line":9,"column":3}}},"fnMap":{"0":{"name":"Textt","decl":{"start":{"line":4,"column":24},"end":{"line":4,"column":29}},"loc":{"start":{"line":4,"column":32},"end":{"line":10,"column":1}},"line":4}},"branchMap":{},"s":{"0":1},"f":{"0":1},"b":{},"_coverageSchema":"1a1c01bbd47fc00a2c39e90264f33305004495a9","hash":"5f1f19ceb7b69ea8317934a1c2215efdf9139bc8"}
,"D:\\Projetos\\TesteMobile\\testecasos\\components\\Title\\Title.js": {"path":"D:\\Projetos\\TesteMobile\\testecasos\\components\\Title\\Title.js","statementMap":{"0":{"start":{"line":5,"column":2},"end":{"line":9,"column":3}}},"fnMap":{"0":{"name":"Title","decl":{"start":{"line":4,"column":24},"end":{"line":4,"column":29}},"loc":{"start":{"line":4,"column":32},"end":{"line":10,"column":1}},"line":4}},"branchMap":{},"s":{"0":1},"f":{"0":1},"b":{},"_coverageSchema":"1a1c01bbd47fc00a2c39e90264f33305004495a9","hash":"b245e7a1e27877250b5d6487ec3fb78fc473cb80"}
,"D:\\Projetos\\TesteMobile\\testecasos\\components\\Word\\Word.js": {"path":"D:\\Projetos\\TesteMobile\\testecasos\\components\\Word\\Word.js","statementMap":{"0":{"start":{"line":5,"column":2},"end":{"line":9,"column":3}}},"fnMap":{"0":{"name":"Word","decl":{"start":{"line":4,"column":24},"end":{"line":4,"column":28}},"loc":{"start":{"line":4,"column":31},"end":{"line":10,"column":1}},"line":4}},"branchMap":{},"s":{"0":1},"f":{"0":1},"b":{},"_coverageSchema":"1a1c01bbd47fc00a2c39e90264f33305004495a9","hash":"43262d8570653498945c8287044d447d96c46100"}
,"D:\\Projetos\\TesteMobile\\testecasos\\pages\\Home\\Home.js": {"path":"D:\\Projetos\\TesteMobile\\testecasos\\pages\\Home\\Home.js","statementMap":{"0":{"start":{"line":5,"column":2},"end":{"line":9,"column":3}}},"fnMap":{"0":{"name":"Home","decl":{"start":{"line":4,"column":24},"end":{"line":4,"column":28}},"loc":{"start":{"line":4,"column":31},"end":{"line":10,"column":1}},"line":4}},"branchMap":{},"s":{"0":1},"f":{"0":1},"b":{},"_coverageSchema":"1a1c01bbd47fc00a2c39e90264f33305004495a9","hash":"363d66c307356fe8576d341007d15f057831bb01"}
,"D:\\Projetos\\TesteMobile\\testecasos\\pages\\Inclusion\\Inclusion.js": {"path":"D:\\Projetos\\TesteMobile\\testecasos\\pages\\Inclusion\\Inclusion.js","statementMap":{"0":{"start":{"line":5,"column":30},"end":{"line":5,"column":42}},"1":{"start":{"line":8,"column":12},"end":{"line":8,"column":13}},"2":{"start":{"line":9,"column":12},"end":{"line":9,"column":13}},"3":{"start":{"line":10,"column":15},"end":{"line":10,"column":20}},"4":{"start":{"line":11,"column":4},"end":{"line":11,"column":33}},"5":{"start":{"line":15,"column":12},"end":{"line":15,"column":13}},"6":{"start":{"line":16,"column":12},"end":{"line":16,"column":13}},"7":{"start":{"line":17,"column":15},"end":{"line":17,"column":20}},"8":{"start":{"line":18,"column":4},"end":{"line":18,"column":33}},"9":{"start":{"line":22,"column":12},"end":{"line":22,"column":13}},"10":{"start":{"line":23,"column":12},"end":{"line":23,"column":13}},"11":{"start":{"line":24,"column":15},"end":{"line":24,"column":20}},"12":{"start":{"line":25,"column":4},"end":{"line":25,"column":33}},"13":{"start":{"line":29,"column":12},"end":{"line":29,"column":13}},"14":{"start":{"line":30,"column":12},"end":{"line":30,"column":13}},"15":{"start":{"line":31,"column":15},"end":{"line":31,"column":20}},"16":{"start":{"line":32,"column":4},"end":{"line":32,"column":33}},"17":{"start":{"line":35,"column":2},"end":{"line":51,"column":4}}},"fnMap":{"0":{"name":"Inclusion","decl":{"start":{"line":4,"column":24},"end":{"line":4,"column":33}},"loc":{"start":{"line":4,"column":36},"end":{"line":52,"column":1}},"line":4},"1":{"name":"soma","decl":{"start":{"line":7,"column":11},"end":{"line":7,"column":15}},"loc":{"start":{"line":7,"column":18},"end":{"line":12,"column":3}},"line":7},"2":{"name":"subtracao","decl":{"start":{"line":14,"column":11},"end":{"line":14,"column":20}},"loc":{"start":{"line":14,"column":23},"end":{"line":19,"column":3}},"line":14},"3":{"name":"multiplicacao","decl":{"start":{"line":21,"column":11},"end":{"line":21,"column":24}},"loc":{"start":{"line":21,"column":27},"end":{"line":26,"column":3}},"line":21},"4":{"name":"divisao","decl":{"start":{"line":28,"column":11},"end":{"line":28,"column":18}},"loc":{"start":{"line":28,"column":21},"end":{"line":33,"column":3}},"line":28}},"branchMap":{},"s":{"0":4,"1":0,"2":0,"3":0,"4":0,"5":0,"6":0,"7":0,"8":0,"9":0,"10":0,"11":0,"12":0,"13":0,"14":0,"15":0,"16":0,"17":4},"f":{"0":4,"1":0,"2":0,"3":0,"4":0},"b":{},"_coverageSchema":"1a1c01bbd47fc00a2c39e90264f33305004495a9","hash":"da7501761ce5068df5ca67e9b2f9809f51182ff2"}
,"D:\\Projetos\\TesteMobile\\testecasos\\pages\\Navegacao\\Navegacao.js": {"path":"D:\\Projetos\\TesteMobile\\testecasos\\pages\\Navegacao\\Navegacao.js","statementMap":{"0":{"start":{"line":7,"column":21},"end":{"line":7,"column":36}},"1":{"start":{"line":10,"column":4},"end":{"line":10,"column":36}},"2":{"start":{"line":13,"column":2},"end":{"line":17,"column":3}}},"fnMap":{"0":{"name":"Navegacao","decl":{"start":{"line":5,"column":24},"end":{"line":5,"column":33}},"loc":{"start":{"line":5,"column":36},"end":{"line":18,"column":1}},"line":5},"1":{"name":"handleNavigation","decl":{"start":{"line":9,"column":11},"end":{"line":9,"column":27}},"loc":{"start":{"line":9,"column":30},"end":{"line":11,"column":3}},"line":9}},"branchMap":{},"s":{"0":1,"1":1,"2":1},"f":{"0":1,"1":1},"b":{},"_coverageSchema":"1a1c01bbd47fc00a2c39e90264f33305004495a9","hash":"4b45b714636e76d196b7ef66a9d99ae07fab2c60"}
,"D:\\Projetos\\TesteMobile\\testecasos\\pages\\Options\\Options.js": {"path":"D:\\Projetos\\TesteMobile\\testecasos\\pages\\Options\\Options.js","statementMap":{"0":{"start":{"line":5,"column":2},"end":{"line":9,"column":3}}},"fnMap":{"0":{"name":"Option","decl":{"start":{"line":4,"column":24},"end":{"line":4,"column":30}},"loc":{"start":{"line":4,"column":33},"end":{"line":10,"column":1}},"line":4}},"branchMap":{},"s":{"0":1},"f":{"0":1},"b":{},"_coverageSchema":"1a1c01bbd47fc00a2c39e90264f33305004495a9","hash":"13dc57fb8fce159233983a6fb739932b621f78c2"}
,"D:\\Projetos\\TesteMobile\\testecasos\\pages\\Sections\\Sections.js": {"path":"D:\\Projetos\\TesteMobile\\testecasos\\pages\\Sections\\Sections.js","statementMap":{"0":{"start":{"line":5,"column":2},"end":{"line":9,"column":3}}},"fnMap":{"0":{"name":"Sections","decl":{"start":{"line":4,"column":24},"end":{"line":4,"column":32}},"loc":{"start":{"line":4,"column":35},"end":{"line":10,"column":1}},"line":4}},"branchMap":{},"s":{"0":1},"f":{"0":1},"b":{},"_coverageSchema":"1a1c01bbd47fc00a2c39e90264f33305004495a9","hash":"84b5c342c0be9b98825e54cf25db1d975221f0c7"}
}
