TN:
SF:App.js
FN:4,App
FNF:1
FNH:1
FNDA:1,App
DA:5,1
DA:13,1
LF:2
LH:2
BRF:0
BRH:0
end_of_record
TN:
SF:components\Button\Button.js
FN:4,Button
FN:6,handleButton
FNF:2
FNH:2
FNDA:1,Button
FNDA:1,handleButton
DA:7,1
DA:8,1
DA:11,1
LF:3
LH:3
BRF:0
BRH:0
end_of_record
TN:
SF:components\Complement\Complement.js
FN:4,Complement
FN:14,(anonymous_1)
FNF:2
FNH:2
FNDA:1,Complement
FNDA:3,(anonymous_1)
DA:5,1
DA:14,3
DA:21,1
LF:3
LH:3
BRF:0
BRH:0
end_of_record
TN:
SF:components\Header\Header.js
FN:4,Header
FN:6,cliqueiAqui
FNF:2
FNH:2
FNDA:1,Header
FNDA:1,cliqueiAqui
DA:7,1
DA:10,1
LF:2
LH:2
BRF:0
BRH:0
end_of_record
TN:
SF:components\Imagee\Imagee.js
FN:4,Imagee
FNF:1
FNH:1
FNDA:1,Imagee
DA:5,1
LF:1
LH:1
BRF:0
BRH:0
end_of_record
TN:
SF:components\Location\Location.js
FN:4,Location
FNF:1
FNH:1
FNDA:1,Location
DA:5,1
LF:1
LH:1
BRF:0
BRH:0
end_of_record
TN:
SF:components\Nav\Nav.js
FN:4,Nav
FNF:1
FNH:1
FNDA:1,Nav
DA:5,1
LF:1
LH:1
BRF:0
BRH:0
end_of_record
TN:
SF:components\Text\Textt.js
FN:4,Textt
FNF:1
FNH:1
FNDA:1,Textt
DA:5,1
LF:1
LH:1
BRF:0
BRH:0
end_of_record
TN:
SF:components\Title\Title.js
FN:4,Title
FNF:1
FNH:1
FNDA:1,Title
DA:5,1
LF:1
LH:1
BRF:0
BRH:0
end_of_record
TN:
SF:components\Word\Word.js
FN:4,Word
FNF:1
FNH:1
FNDA:1,Word
DA:5,1
LF:1
LH:1
BRF:0
BRH:0
end_of_record
TN:
SF:pages\Home\Home.js
FN:4,Home
FNF:1
FNH:1
FNDA:1,Home
DA:5,1
LF:1
LH:1
BRF:0
BRH:0
end_of_record
TN:
SF:pages\Inclusion\Inclusion.js
FN:4,Inclusion
FN:7,soma
FN:14,subtracao
FN:21,multiplicacao
FN:28,divisao
FNF:5
FNH:1
FNDA:4,Inclusion
FNDA:0,soma
FNDA:0,subtracao
FNDA:0,multiplicacao
FNDA:0,divisao
DA:5,4
DA:8,0
DA:9,0
DA:10,0
DA:11,0
DA:15,0
DA:16,0
DA:17,0
DA:18,0
DA:22,0
DA:23,0
DA:24,0
DA:25,0
DA:29,0
DA:30,0
DA:31,0
DA:32,0
DA:35,4
LF:18
LH:2
BRF:0
BRH:0
end_of_record
TN:
SF:pages\Navegacao\Navegacao.js
FN:5,Navegacao
FN:9,handleNavigation
FNF:2
FNH:2
FNDA:1,Navegacao
FNDA:1,handleNavigation
DA:7,1
DA:10,1
DA:13,1
LF:3
LH:3
BRF:0
BRH:0
end_of_record
TN:
SF:pages\Options\Options.js
FN:4,Option
FNF:1
FNH:1
FNDA:1,Option
DA:5,1
LF:1
LH:1
BRF:0
BRH:0
end_of_record
TN:
SF:pages\Sections\Sections.js
FN:4,Sections
FNF:1
FNH:1
FNDA:1,Sections
DA:5,1
LF:1
LH:1
BRF:0
BRH:0
end_of_record
